<?xml version="1.0" encoding="UTF-8" standalone="yes"?><!DOCTYPE report PUBLIC "-//JACOCO//DTD Report 1.1//EN" "report.dtd"><report name="com.service"><sessioninfo id="AS-A6N0AS073065234-30b4864" start="1535945429319" dump="1535945429713"/><sessioninfo id="AS-A6N0AS073065234-97fb58f8" start="1535951739288" dump="1535951739751"/><sessioninfo id="AS-A6N0AS073065234-5a5c1a55" start="1535952291535" dump="1535952292131"/><sessioninfo id="AS-A6N0AS073065234-10b29bf9" start="1535952364243" dump="1535952365150"/><sessioninfo id="AS-A6N0AS073065234-ffa8d97d" start="1535954287236" dump="1535954288170"/><sessioninfo id="AS-A6N0AS073065234-d1dbe711" start="1535954377847" dump="1535954378622"/><sessioninfo id="AS-A6N0AS073065234-bc85777b" start="1535954418914" dump="1535954419768"/><sessioninfo id="AS-A6N0AS073065234-8165d861" start="1535960967217" dump="1535960968032"/><sessioninfo id="AS-A6N0AS073065234-b88d4e8c" start="1535962127844" dump="1535962128912"/><sessioninfo id="AS-A6N0AS073065234-91d14d16" start="1535962343466" dump="1535962344620"/><sessioninfo id="AS-A6N0AS073065234-9702f19f" start="1535962485453" dump="1535962486403"/><sessioninfo id="AS-A6N0AS073065234-f3f77b34" start="1535962645162" dump="1535962645992"/><sessioninfo id="AS-A6N0AS073065234-622dc124" start="1535962752568" dump="1535962754089"/><sessioninfo id="AS-A6N0AS073065234-3d82b842" start="1535968428269" dump="1535968429238"/><sessioninfo id="AS-A6N0AS073065234-df9e9368" start="1535968629150" dump="1535968630132"/><sessioninfo id="AS-A6N0AS073065234-5ae293ac" start="1535968833024" dump="1535968833971"/><sessioninfo id="AS-A6N0AS073065234-9358803b" start="1535968856719" dump="1535968857580"/><sessioninfo id="AS-A6N0AS073065234-81e47f35" start="1535968980065" dump="1535968981003"/><sessioninfo id="AS-A6N0AS073065234-335bd251" start="1535969164549" dump="1535969165977"/><sessioninfo id="AS-A6N0AS073065234-52730aa2" start="1535969634786" dump="1535969635708"/><sessioninfo id="AS-A6N0AS073065234-ee96f5b6" start="1535969690404" dump="1535969691180"/><sessioninfo id="AS-A6N0AS073065234-d1787a61" start="1535969701347" dump="1535969702153"/><sessioninfo id="AS-A6N0AS073065234-2d01fc8b" start="1535969729710" dump="1535969730556"/><sessioninfo id="AS-A6N0AS073065234-f3d94680" start="1535969987479" dump="1535969988556"/><sessioninfo id="AS-A6N0AS073065234-cc23bf40" start="1535973097574" dump="1535973098572"/><sessioninfo id="AS-A6N0AS073065234-1100a199" start="1535973333818" dump="1535973334621"/><sessioninfo id="AS-A6N0AS073065234-89d6b1cf" start="1535973509318" dump="1535973510286"/><sessioninfo id="AS-A6N0AS073065234-a53f85d8" start="1535973694916" dump="1535973695689"/><sessioninfo id="AS-A6N0AS073065234-301e14b2" start="1535973757363" dump="1535973758303"/><sessioninfo id="AS-A6N0AS073065234-cfe12388" start="1535973935420" dump="1535973936292"/><sessioninfo id="AS-A6N0AS073065234-ab8d471c" start="1535973960177" dump="1535973961113"/><sessioninfo id="AS-A6N0AS073065234-44ca3a2b" start="1535974568794" dump="1535974569920"/><sessioninfo id="AS-A6N0AS073065234-6005e62b" start="1536027708908" dump="1536027709884"/><sessioninfo id="AS-A6N0AS073065234-34a31a54" start="1536041374170" dump="1536041375203"/><sessioninfo id="AS-A6N0AS073065234-64831725" start="1536041594627" dump="1536041595494"/><sessioninfo id="AS-A6N0AS073065234-913b1f7e" start="1536041623324" dump="1536041624185"/><sessioninfo id="AS-A6N0AS073065234-4981499e" start="1536041637953" dump="1536041638845"/><sessioninfo id="AS-A6N0AS073065234-46d2cb7" start="1536041713732" dump="1536041714710"/><sessioninfo id="AS-A6N0AS073065234-5e4948c" start="1536050842209" dump="1536050843103"/><sessioninfo id="AS-A6N0AS073065234-ccb3c19c" start="1536050863190" dump="1536050864162"/><sessioninfo id="AS-A6N0AS073065234-5e05dfe4" start="1536050946629" dump="1536050947483"/><sessioninfo id="AS-A6N0AS073065234-2260f3de" start="1536052592390" dump="1536052593689"/><sessioninfo id="AS-A6N0AS073065234-ea3a8a6a" start="1536053308866" dump="1536053309928"/><sessioninfo id="AS-A6N0AS073065234-47a64ac5" start="1536053327575" dump="1536053328676"/><sessioninfo id="AS-A6N0AS073065234-e91ad4d9" start="1536057055193" dump="1536057056148"/><sessioninfo id="AS-A6N0AS073065234-222b0d32" start="1536057384657" dump="1536057385901"/><sessioninfo id="AS-A6N0AS073065234-a0150212" start="1536057426595" dump="1536057427762"/><sessioninfo id="AS-A6N0AS073065234-6421f205" start="1536057476987" dump="1536057478114"/><sessioninfo id="AS-A6N0AS073065234-5484c5ef" start="1536110230184" dump="1536110230916"/><sessioninfo id="AS-A6N0AS073065234-8219c674" start="1536110258721" dump="1536110259549"/><sessioninfo id="AS-A6N0AS073065234-b8f6fd30" start="1536110290231" dump="1536110290973"/><sessioninfo id="AS-A6N0AS073065234-7df1d981" start="1536110322362" dump="1536110323080"/><sessioninfo id="AS-A6N0AS073065234-990a9af3" start="1536110340778" dump="1536110341928"/><sessioninfo id="AS-A6N0AS073065234-86c13cfa" start="1536110408495" dump="1536110409250"/><sessioninfo id="AS-A6N0AS073065234-faabae8a" start="1536128137646" dump="1536128138509"/><sessioninfo id="AS-A6N0AS073065234-f4c1ed0a" start="1536128154273" dump="1536128155143"/><sessioninfo id="AS-A6N0AS073065234-5135b2ae" start="1536128481524" dump="1536128482416"/><sessioninfo id="AS-A6N0AS073065234-1b04fb4e" start="1536128510323" dump="1536128511032"/><sessioninfo id="AS-A6N0AS073065234-981029e4" start="1536128611004" dump="1536128611721"/><sessioninfo id="AS-A6N0AS073065234-1a06186a" start="1536128648036" dump="1536128648970"/><sessioninfo id="AS-A6N0AS073065234-430358a4" start="1536539453467" dump="1536539454001"/><sessioninfo id="AS-A6N0AS073065234-9a40bc93" start="1536539497900" dump="1536539498415"/><sessioninfo id="AS-A6N0AS073065234-bb4d2baf" start="1536539513927" dump="1536539514350"/><sessioninfo id="AS-A6N0AS073065234-2e4b8a34" start="1536539544714" dump="1536539545355"/><sessioninfo id="AS-A6N0AS073065234-7be4eed5" start="1536539568552" dump="1536539569027"/><sessioninfo id="AS-A6N0AS073065234-b987f49a" start="1536540100857" dump="1536540102346"/><sessioninfo id="AS-A6N0AS073065234-d27a37f1" start="1536541279733" dump="1536541280726"/><sessioninfo id="AS-A6N0AS073065234-71651f35" start="1536541418102" dump="1536541419096"/><sessioninfo id="AS-A6N0AS073065234-10b634e" start="1536541470344" dump="1536541471253"/><sessioninfo id="AS-A6N0AS073065234-14eee79e" start="1536541597309" dump="1536541598357"/><sessioninfo id="AS-A6N0AS073065234-5e674fc2" start="1536541771004" dump="1536541771805"/><sessioninfo id="AS-A6N0AS073065234-b79c24d" start="1536543791871" dump="1536543792685"/><sessioninfo id="AS-A6N0AS073065234-2227c3a1" start="1536543897503" dump="1536543898664"/><sessioninfo id="AS-A6N0AS073065234-657b8fdf" start="1536544066418" dump="1536544067553"/><sessioninfo id="AS-A6N0AS073065234-fb0e8550" start="1536544102776" dump="1536544103551"/><sessioninfo id="AS-A6N0AS073065234-8356a0b7" start="1536544368880" dump="1536544369788"/><sessioninfo id="AS-A6N0AS073065234-c98756f2" start="1536545290958" dump="1536545291814"/><sessioninfo id="AS-A6N0AS073065234-7c2e48b6" start="1536545336466" dump="1536545337294"/><sessioninfo id="AS-A6N0AS073065234-51dc4712" start="1536545756529" dump="1536545757351"/><sessioninfo id="AS-A6N0AS073065234-2143f48f" start="1536547571723" dump="1536547572505"/><sessioninfo id="AS-A6N0AS073065234-d9b454ce" start="1536547631243" dump="1536547632026"/><sessioninfo id="AS-A6N0AS073065234-645244b7" start="1536547834008" dump="1536547834992"/><sessioninfo id="AS-A6N0AS073065234-77452664" start="1536547925507" dump="1536547926448"/><sessioninfo id="AS-A6N0AS073065234-9db3d688" start="1536556322523" dump="1536556323571"/><sessioninfo id="AS-A6N0AS073065234-d3835eb9" start="1536560840687" dump="1536560841719"/><sessioninfo id="AS-A6N0AS073065234-e4dbbc8a" start="1536561101023" dump="1536561101976"/><sessioninfo id="AS-A6N0AS073065234-92a240c9" start="1536561124159" dump="1536561125149"/><sessioninfo id="AS-A6N0AS073065234-db16da99" start="1536561152660" dump="1536561153504"/><sessioninfo id="AS-A6N0AS073065234-1bf359a8" start="1536561321737" dump="1536561322767"/><sessioninfo id="AS-A6N0AS073065234-df710596" start="1536561373693" dump="1536561374711"/><sessioninfo id="AS-A6N0AS073065234-4a0e811d" start="1536561496956" dump="1536561497849"/><sessioninfo id="AS-A6N0AS073065234-54f3e7f9" start="1536561606442" dump="1536561607393"/><sessioninfo id="AS-A6N0AS073065234-127f128c" start="1536561647738" dump="1536561648789"/><package name="com/service"><class name="com/service/TableServiceImpl" sourcefilename="TableServiceImpl.java"><method name="&lt;init&gt;" desc="()V" line="14"><counter type="INSTRUCTION" missed="0" covered="30"/><counter type="LINE" missed="0" covered="9"/><counter type="COMPLEXITY" missed="0" covered="1"/><counter type="METHOD" missed="0" covered="1"/></method><method name="&lt;init&gt;" desc="(Ljava/lang/String;Ljava/lang/String;)V" line="14"><counter type="INSTRUCTION" missed="0" covered="112"/><counter type="BRANCH" missed="0" covered="4"/><counter type="LINE" missed="0" covered="26"/><counter type="COMPLEXITY" missed="0" covered="3"/><counter type="METHOD" missed="0" covered="1"/></method><method name="populateTable" desc="()V" line="57"><counter type="INSTRUCTION" missed="0" covered="26"/><counter type="BRANCH" missed="0" covered="2"/><counter type="LINE" missed="0" covered="7"/><counter type="COMPLEXITY" missed="0" covered="2"/><counter type="METHOD" missed="0" covered="1"/></method><method name="saveFile" desc="()V" line="67"><counter type="INSTRUCTION" missed="64" covered="0"/><counter type="BRANCH" missed="4" covered="0"/><counter type="LINE" missed="9" covered="0"/><counter type="COMPLEXITY" missed="3" covered="0"/><counter type="METHOD" missed="1" covered="0"/></method><method name="closeFile" desc="(Ljava/io/BufferedReader;)V" line="82"><counter type="INSTRUCTION" missed="7" covered="0"/><counter type="BRANCH" missed="2" covered="0"/><counter type="LINE" missed="5" covered="0"/><counter type="COMPLEXITY" missed="2" covered="0"/><counter type="METHOD" missed="1" covered="0"/></method><method name="generateString" desc="()Ljava/lang/String;" line="90"><counter type="INSTRUCTION" missed="0" covered="44"/><counter type="LINE" missed="0" covered="5"/><counter type="COMPLEXITY" missed="0" covered="1"/><counter type="METHOD" missed="0" covered="1"/></method><method name="search" desc="(Ljava/lang/String;)V" line="101"><counter type="INSTRUCTION" missed="0" covered="175"/><counter type="BRANCH" missed="0" covered="18"/><counter type="LINE" missed="0" covered="20"/><counter type="COMPLEXITY" missed="0" covered="10"/><counter type="METHOD" missed="0" covered="1"/></method><method name="editKey" desc="(IILjava/lang/String;)V" line="135"><counter type="INSTRUCTION" missed="0" covered="15"/><counter type="LINE" missed="0" covered="5"/><counter type="COMPLEXITY" missed="0" covered="1"/><counter type="METHOD" missed="0" covered="1"/></method><method name="editValue" desc="(IILjava/lang/String;)V" line="143"><counter type="INSTRUCTION" missed="0" covered="15"/><counter type="LINE" missed="0" covered="5"/><counter type="COMPLEXITY" missed="0" covered="1"/><counter type="METHOD" missed="0" covered="1"/></method><method name="editCell" desc="(IILjava/lang/String;Ljava/lang/String;)V" line="151"><counter type="INSTRUCTION" missed="0" covered="24"/><counter type="LINE" missed="0" covered="6"/><counter type="COMPLEXITY" missed="0" covered="1"/><counter type="METHOD" missed="0" covered="1"/></method><method name="addRow" desc="()V" line="159"><counter type="INSTRUCTION" missed="0" covered="45"/><counter type="BRANCH" missed="0" covered="2"/><counter type="LINE" missed="0" covered="9"/><counter type="COMPLEXITY" missed="0" covered="2"/><counter type="METHOD" missed="0" covered="1"/></method><method name="addColumn" desc="(I)V" line="173"><counter type="INSTRUCTION" missed="0" covered="24"/><counter type="LINE" missed="0" covered="6"/><counter type="COMPLEXITY" missed="0" covered="1"/><counter type="METHOD" missed="0" covered="1"/></method><method name="printTable" desc="()V" line="181"><counter type="INSTRUCTION" missed="54" covered="0"/><counter type="BRANCH" missed="4" covered="0"/><counter type="LINE" missed="5" covered="0"/><counter type="COMPLEXITY" missed="3" covered="0"/><counter type="METHOD" missed="1" covered="0"/></method><method name="sortRow" desc="(II)V" line="190"><counter type="INSTRUCTION" missed="0" covered="93"/><counter type="BRANCH" missed="0" covered="6"/><counter type="LINE" missed="0" covered="14"/><counter type="COMPLEXITY" missed="0" covered="4"/><counter type="METHOD" missed="0" covered="1"/></method><method name="getKeys" desc="()Ljava/util/LinkedList;" line="212"><counter type="INSTRUCTION" missed="0" covered="3"/><counter type="LINE" missed="0" covered="1"/><counter type="COMPLEXITY" missed="0" covered="1"/><counter type="METHOD" missed="0" covered="1"/></method><method name="getValues" desc="()Ljava/util/LinkedList;" line="215"><counter type="INSTRUCTION" missed="0" covered="3"/><counter type="LINE" missed="0" covered="1"/><counter type="COMPLEXITY" missed="0" covered="1"/><counter type="METHOD" missed="0" covered="1"/></method><method name="setKeys" desc="(Ljava/util/LinkedList;)V" line="219"><counter type="INSTRUCTION" missed="0" covered="4"/><counter type="LINE" missed="0" covered="2"/><counter type="COMPLEXITY" missed="0" covered="1"/><counter type="METHOD" missed="0" covered="1"/></method><method name="setValues" desc="(Ljava/util/LinkedList;)V" line="223"><counter type="INSTRUCTION" missed="0" covered="4"/><counter type="LINE" missed="0" covered="2"/><counter type="COMPLEXITY" missed="0" covered="1"/><counter type="METHOD" missed="0" covered="1"/></method><counter type="INSTRUCTION" missed="125" covered="617"/><counter type="BRANCH" missed="10" covered="32"/><counter type="LINE" missed="19" covered="113"/><counter type="COMPLEXITY" missed="8" covered="31"/><counter type="METHOD" missed="3" covered="15"/><counter type="CLASS" missed="0" covered="1"/></class><sourcefile name="TableServiceImpl.java"><line nr="14" mi="0" ci="10" mb="0" cb="0"/><line nr="15" mi="0" ci="10" mb="0" cb="0"/><line nr="18" mi="0" ci="6" mb="0" cb="0"/><line nr="19" mi="0" ci="6" mb="0" cb="0"/><line nr="20" mi="0" ci="6" mb="0" cb="0"/><line nr="22" mi="0" ci="2" mb="0" cb="0"/><line nr="23" mi="0" ci="2" mb="0" cb="0"/><line nr="24" mi="0" ci="6" mb="0" cb="0"/><line nr="25" mi="0" ci="1" mb="0" cb="0"/><line nr="27" mi="0" ci="2" mb="0" cb="0"/><line nr="28" mi="0" ci="6" mb="0" cb="0"/><line nr="31" mi="0" ci="2" mb="0" cb="0"/><line nr="34" mi="0" ci="2" mb="0" cb="0"/><line nr="35" mi="0" ci="5" mb="0" cb="0"/><line nr="37" mi="0" ci="3" mb="0" cb="2"/><line nr="38" mi="0" ci="3" mb="0" cb="0"/><line nr="39" mi="0" ci="4" mb="0" cb="0"/><line nr="40" mi="0" ci="7" mb="0" cb="0"/><line nr="41" mi="0" ci="7" mb="0" cb="0"/><line nr="42" mi="0" ci="16" mb="0" cb="2"/><line nr="43" mi="0" ci="4" mb="0" cb="0"/><line nr="44" mi="0" ci="10" mb="0" cb="0"/><line nr="45" mi="0" ci="10" mb="0" cb="0"/><line nr="47" mi="0" ci="2" mb="0" cb="0"/><line nr="49" mi="0" ci="2" mb="0" cb="0"/><line nr="50" mi="0" ci="1" mb="0" cb="0"/><line nr="51" mi="0" ci="3" mb="0" cb="0"/><line nr="52" mi="0" ci="2" mb="0" cb="0"/><line nr="53" mi="0" ci="1" mb="0" cb="0"/><line nr="54" mi="0" ci="1" mb="0" cb="0"/><line nr="57" mi="0" ci="3" mb="0" cb="0"/><line nr="58" mi="0" ci="3" mb="0" cb="0"/><line nr="59" mi="0" ci="4" mb="0" cb="0"/><line nr="60" mi="0" ci="6" mb="0" cb="0"/><line nr="61" mi="0" ci="7" mb="0" cb="2"/><line nr="62" mi="0" ci="2" mb="0" cb="0"/><line nr="64" mi="0" ci="1" mb="0" cb="0"/><line nr="67" mi="8" ci="0" mb="0" cb="0"/><line nr="68" mi="9" ci="0" mb="2" cb="0"/><line nr="69" mi="12" ci="0" mb="2" cb="0"/><line nr="70" mi="28" ci="0" mb="0" cb="0"/><line nr="72" mi="2" ci="0" mb="0" cb="0"/><line nr="74" mi="1" ci="0" mb="0" cb="0"/><line nr="75" mi="2" ci="0" mb="0" cb="0"/><line nr="76" mi="1" ci="0" mb="0" cb="0"/><line nr="77" mi="1" ci="0" mb="0" cb="0"/><line nr="82" mi="2" ci="0" mb="2" cb="0"/><line nr="83" mi="2" ci="0" mb="0" cb="0"/><line nr="85" mi="1" ci="0" mb="0" cb="0"/><line nr="86" mi="1" ci="0" mb="0" cb="0"/><line nr="87" mi="1" ci="0" mb="0" cb="0"/><line nr="90" mi="0" ci="4" mb="0" cb="0"/><line nr="93" mi="0" ci="8" mb="0" cb="0"/><line nr="94" mi="0" ci="15" mb="0" cb="0"/><line nr="95" mi="0" ci="15" mb="0" cb="0"/><line nr="97" mi="0" ci="2" mb="0" cb="0"/><line nr="101" mi="0" ci="3" mb="0" cb="0"/><line nr="102" mi="0" ci="3" mb="0" cb="0"/><line nr="103" mi="0" ci="3" mb="0" cb="0"/><line nr="104" mi="0" ci="9" mb="0" cb="2"/><line nr="105" mi="0" ci="12" mb="0" cb="2"/><line nr="106" mi="0" ci="18" mb="0" cb="2"/><line nr="107" mi="0" ci="17" mb="0" cb="2"/><line nr="108" mi="0" ci="6" mb="0" cb="0"/><line nr="109" mi="0" ci="6" mb="0" cb="0"/><line nr="113" mi="0" ci="18" mb="0" cb="2"/><line nr="114" mi="0" ci="17" mb="0" cb="2"/><line nr="115" mi="0" ci="6" mb="0" cb="0"/><line nr="116" mi="0" ci="6" mb="0" cb="0"/><line nr="120" mi="0" ci="3" mb="0" cb="2"/><line nr="121" mi="0" ci="19" mb="0" cb="0"/><line nr="123" mi="0" ci="3" mb="0" cb="2"/><line nr="124" mi="0" ci="19" mb="0" cb="0"/><line nr="128" mi="0" ci="3" mb="0" cb="2"/><line nr="129" mi="0" ci="3" mb="0" cb="0"/><line nr="131" mi="0" ci="1" mb="0" cb="0"/><line nr="135" mi="0" ci="9" mb="0" cb="0"/><line nr="136" mi="0" ci="1" mb="0" cb="0"/><line nr="137" mi="0" ci="3" mb="0" cb="0"/><line nr="138" mi="0" ci="1" mb="0" cb="0"/><line nr="139" mi="0" ci="1" mb="0" cb="0"/><line nr="143" mi="0" ci="9" mb="0" cb="0"/><line nr="144" mi="0" ci="1" mb="0" cb="0"/><line nr="145" mi="0" ci="3" mb="0" cb="0"/><line nr="146" mi="0" ci="1" mb="0" cb="0"/><line nr="147" mi="0" ci="1" mb="0" cb="0"/><line nr="151" mi="0" ci="9" mb="0" cb="0"/><line nr="152" mi="0" ci="9" mb="0" cb="0"/><line nr="153" mi="0" ci="1" mb="0" cb="0"/><line nr="154" mi="0" ci="3" mb="0" cb="0"/><line nr="155" mi="0" ci="1" mb="0" cb="0"/><line nr="156" mi="0" ci="1" mb="0" cb="0"/><line nr="159" mi="0" ci="4" mb="0" cb="0"/><line nr="160" mi="0" ci="6" mb="0" cb="0"/><line nr="162" mi="0" ci="7" mb="0" cb="0"/><line nr="163" mi="0" ci="7" mb="0" cb="0"/><line nr="164" mi="0" ci="2" mb="0" cb="2"/><line nr="165" mi="0" ci="8" mb="0" cb="0"/><line nr="166" mi="0" ci="8" mb="0" cb="0"/><line nr="167" mi="0" ci="2" mb="0" cb="0"/><line nr="169" mi="0" ci="1" mb="0" cb="0"/><line nr="173" mi="0" ci="9" mb="0" cb="0"/><line nr="174" mi="0" ci="9" mb="0" cb="0"/><line nr="175" mi="0" ci="1" mb="0" cb="0"/><line nr="176" mi="0" ci="3" mb="0" cb="0"/><line nr="177" mi="0" ci="1" mb="0" cb="0"/><line nr="178" mi="0" ci="1" mb="0" cb="0"/><line nr="181" mi="9" ci="0" mb="2" cb="0"/><line nr="182" mi="12" ci="0" mb="2" cb="0"/><line nr="183" mi="30" ci="0" mb="0" cb="0"/><line nr="185" mi="2" ci="0" mb="0" cb="0"/><line nr="187" mi="1" ci="0" mb="0" cb="0"/><line nr="190" mi="0" ci="4" mb="0" cb="0"/><line nr="192" mi="0" ci="2" mb="0" cb="0"/><line nr="194" mi="0" ci="12" mb="0" cb="2"/><line nr="195" mi="0" ci="29" mb="0" cb="0"/><line nr="197" mi="0" ci="2" mb="0" cb="0"/><line nr="199" mi="0" ci="3" mb="0" cb="2"/><line nr="200" mi="0" ci="2" mb="0" cb="0"/><line nr="203" mi="0" ci="10" mb="0" cb="2"/><line nr="204" mi="0" ci="4" mb="0" cb="0"/><line nr="205" mi="0" ci="11" mb="0" cb="0"/><line nr="206" mi="0" ci="11" mb="0" cb="0"/><line nr="207" mi="0" ci="1" mb="0" cb="0"/><line nr="208" mi="0" ci="1" mb="0" cb="0"/><line nr="209" mi="0" ci="1" mb="0" cb="0"/><line nr="212" mi="0" ci="3" mb="0" cb="0"/><line nr="215" mi="0" ci="3" mb="0" cb="0"/><line nr="219" mi="0" ci="3" mb="0" cb="0"/><line nr="220" mi="0" ci="1" mb="0" cb="0"/><line nr="223" mi="0" ci="3" mb="0" cb="0"/><line nr="224" mi="0" ci="1" mb="0" cb="0"/><counter type="INSTRUCTION" missed="125" covered="617"/><counter type="BRANCH" missed="10" covered="32"/><counter type="LINE" missed="19" covered="113"/><counter type="COMPLEXITY" missed="8" covered="31"/><counter type="METHOD" missed="3" covered="15"/><counter type="CLASS" missed="0" covered="1"/></sourcefile><counter type="INSTRUCTION" missed="125" covered="617"/><counter type="BRANCH" missed="10" covered="32"/><counter type="LINE" missed="19" covered="113"/><counter type="COMPLEXITY" missed="8" covered="31"/><counter type="METHOD" missed="3" covered="15"/><counter type="CLASS" missed="0" covered="1"/></package><counter type="INSTRUCTION" missed="125" covered="617"/><counter type="BRANCH" missed="10" covered="32"/><counter type="LINE" missed="19" covered="113"/><counter type="COMPLEXITY" missed="8" covered="31"/><counter type="METHOD" missed="3" covered="15"/><counter type="CLASS" missed="0" covered="1"/></report>